{"target": -12.4780129010131, "params": {"x": -1.2662205459144347, "y": -2.445968431387213}, "datetime": {"datetime": "2024-05-09 12:20:28", "elapsed": 0.0, "delta": 0.0}}
{"target": -3.8540423116243687, "params": {"x": -1.0686989431116456, "y": -0.9266356377417138}, "datetime": {"datetime": "2024-05-09 12:20:28", "elapsed": 0.001857, "delta": 0.001857}}
{"target": -3.5942961932469863, "params": {"x": 0.7709060858801063, "y": 3.0}, "datetime": {"datetime": "2024-05-09 12:20:28", "elapsed": 0.252342, "delta": 0.250485}}
{"target": 0.8237725330196858, "params": {"x": 0.03434314592307547, "y": 1.4183873986013686}, "datetime": {"datetime": "2024-05-09 12:20:29", "elapsed": 0.434299, "delta": 0.181957}}
{"target": 0.9720550585867368, "params": {"x": -0.10513265115397111, "y": 0.8700305148329017}, "datetime": {"datetime": "2024-05-09 12:20:29", "elapsed": 0.647734, "delta": 0.213435}}
